[自动热重载] 已开启代码文件保存后自动热重载
[Deprecation] SharedArrayBuffer will require cross-origin isolation as of M92, around July 2021. See https://developer.chrome.com/blog/enabling-shared-array-buffer/ for more details.
[system] WeChatLib: 3.13.2 (2026.2.2 16:14:49)
[system] Subpackages: N/A
[system] LazyCodeLoading: false
Tue Feb 03 2026 15:06:56 GMT+0800 (中国标准时间) 文章推荐
getSystemInfo API 提示
小程序基础库从 3.7.0 起正式支持 HarmonyOS 平台，开发者可通过 wx.getDeviceInfo() 判断平台进行兼容处理，让小程序在 HarmonyOS 也获得最佳体验，查看指引[https://developers.weixin.qq.com/community/develop/doc/00008e041106f0259bb33530164409]
关于上述警告，点击查看更多信息：https://developers.weixin.qq.com/community/develop/doc/00008e041106f0259bb33530164409]
[基础库] 正在使用灰度中的基础库 3.13.2 进行调试。如有问题，请前往工具栏-详情-本地设置更改基础库版本。
app.js? [sm]:7 小程序启动
app.js? [sm]:26 小程序显示
index.js? [sm]:9 主页加载
[system] Launch Time: 7846 ms
[自动热重载] 已开启代码文件保存后自动热重载
exam.js? [sm]:126 考试模式页面加载
exam.js? [sm]:130 登录状态检查: true
exam.js? [sm]:138 已登录，进入考试页面
Tue Feb 03 2026 15:07:16 GMT+0800 (中国标准时间) request 合法域名校验出错
如若已在管理后台更新域名配置，请刷新项目配置后重新编译项目，操作路径：“详情-域名信息”
 http://120.26.23.30:3000 不在以下 request 合法域名列表中，请参考文档：https://developers.weixin.qq.com/miniprogram/dev/framework/ability/network.html(env: Windows,mp,1.06.2504060; lib: 3.13.2)
(anonymous) @ api.js? [sm]:9
request @ api.js? [sm]:8
_callee3$ @ api.js? [sm]:71
s @ regeneratorRuntime.js?forceSync=true:1
(anonymous) @ regeneratorRuntime.js?forceSync=true:1
(anonymous) @ regeneratorRuntime.js?forceSync=true:1
asyncGeneratorStep @ asyncToGenerator.js?forceSync=true:1
c @ asyncToGenerator.js?forceSync=true:1
(anonymous) @ asyncToGenerator.js?forceSync=true:1
(anonymous) @ asyncToGenerator.js?forceSync=true:1
getStudentByFilter @ api.js? [sm]:79
_callee4$ @ exam.js? [sm]:70
s @ regeneratorRuntime.js?forceSync=true:1
(anonymous) @ regeneratorRuntime.js?forceSync=true:1
(anonymous) @ regeneratorRuntime.js?forceSync=true:1
asyncGeneratorStep @ asyncToGenerator.js?forceSync=true:1
c @ asyncToGenerator.js?forceSync=true:1
(anonymous) @ asyncToGenerator.js?forceSync=true:1
(anonymous) @ asyncToGenerator.js?forceSync=true:1
getStudentById @ exam.js? [sm]:74
_callee5$ @ exam.js? [sm]:253
s @ regeneratorRuntime.js?forceSync=true:1
(anonymous) @ regeneratorRuntime.js?forceSync=true:1
(anonymous) @ regeneratorRuntime.js?forceSync=true:1
asyncGeneratorStep @ asyncToGenerator.js?forceSync=true:1
c @ asyncToGenerator.js?forceSync=true:1
(anonymous) @ asyncToGenerator.js?forceSync=true:1
(anonymous) @ asyncToGenerator.js?forceSync=true:1
handleStudentFormSubmit @ exam.js? [sm]:296
(index)0(index)00"https://636c-cloud1-9gfehy5g6bc87355-1399220819.tcb.qcloud.la"1"https://tcb-api.tencentcloudapi.com"Array(2)
api.js? [sm]:76 根据条件查询学生失败: {errMsg: "request:fail url not in domain list", errno: undefined}(env: Windows,mp,1.06.2504060; lib: 3.13.2)
_callee3$ @ api.js? [sm]:76
s @ regeneratorRuntime.js?forceSync=true:1
(anonymous) @ regeneratorRuntime.js?forceSync=true:1
(anonymous) @ regeneratorRuntime.js?forceSync=true:1
asyncGeneratorStep @ asyncToGenerator.js?forceSync=true:1
i @ asyncToGenerator.js?forceSync=true:1
Promise.then (async)
asyncGeneratorStep @ asyncToGenerator.js?forceSync=true:1
c @ asyncToGenerator.js?forceSync=true:1
(anonymous) @ asyncToGenerator.js?forceSync=true:1
(anonymous) @ asyncToGenerator.js?forceSync=true:1
getStudentByFilter @ api.js? [sm]:79
_callee4$ @ exam.js? [sm]:70
s @ regeneratorRuntime.js?forceSync=true:1
(anonymous) @ regeneratorRuntime.js?forceSync=true:1
(anonymous) @ regeneratorRuntime.js?forceSync=true:1
asyncGeneratorStep @ asyncToGenerator.js?forceSync=true:1
c @ asyncToGenerator.js?forceSync=true:1
(anonymous) @ asyncToGenerator.js?forceSync=true:1
(anonymous) @ asyncToGenerator.js?forceSync=true:1
getStudentById @ exam.js? [sm]:74
_callee5$ @ exam.js? [sm]:253
s @ regeneratorRuntime.js?forceSync=true:1
(anonymous) @ regeneratorRuntime.js?forceSync=true:1
(anonymous) @ regeneratorRuntime.js?forceSync=true:1
asyncGeneratorStep @ asyncToGenerator.js?forceSync=true:1
c @ asyncToGenerator.js?forceSync=true:1
(anonymous) @ asyncToGenerator.js?forceSync=true:1
(anonymous) @ asyncToGenerator.js?forceSync=true:1
handleStudentFormSubmit @ exam.js? [sm]:296
exam.js? [sm]:73 获取学生信息失败: {errMsg: "request:fail url not in domain list", errno: undefined}(env: Windows,mp,1.06.2504060; lib: 3.13.2)
_callee4$ @ exam.js? [sm]:73
s @ regeneratorRuntime.js?forceSync=true:1
(anonymous) @ regeneratorRuntime.js?forceSync=true:1
(anonymous) @ regeneratorRuntime.js?forceSync=true:1
asyncGeneratorStep @ asyncToGenerator.js?forceSync=true:1
i @ asyncToGenerator.js?forceSync=true:1
Promise.then (async)
asyncGeneratorStep @ asyncToGenerator.js?forceSync=true:1
c @ asyncToGenerator.js?forceSync=true:1
(anonymous) @ asyncToGenerator.js?forceSync=true:1
(anonymous) @ asyncToGenerator.js?forceSync=true:1
getStudentById @ exam.js? [sm]:74
_callee5$ @ exam.js? [sm]:253
s @ regeneratorRuntime.js?forceSync=true:1
(anonymous) @ regeneratorRuntime.js?forceSync=true:1
(anonymous) @ regeneratorRuntime.js?forceSync=true:1
asyncGeneratorStep @ asyncToGenerator.js?forceSync=true:1
c @ asyncToGenerator.js?forceSync=true:1
(anonymous) @ asyncToGenerator.js?forceSync=true:1
(anonymous) @ asyncToGenerator.js?forceSync=true:1
handleStudentFormSubmit @ exam.js? [sm]:296
请注意 showLoading 与 hideLoading 必须配对使用
_callee5$ @ exam.js? [sm]:296
s @ regeneratorRuntime.js?forceSync=true:1
(anonymous) @ regeneratorRuntime.js?forceSync=true:1
(anonymous) @ regeneratorRuntime.js?forceSync=true:1
asyncGeneratorStep @ asyncToGenerator.js?forceSync=true:1
c @ asyncToGenerator.js?forceSync=true:1
Promise.then (async)
asyncGeneratorStep @ asyncToGenerator.js?forceSync=true:1
c @ asyncToGenerator.js?forceSync=true:1
(anonymous) @ asyncToGenerator.js?forceSync=true:1
(anonymous) @ asyncToGenerator.js?forceSync=true:1
handleStudentFormSubmit @ exam.js? [sm]:296
